Ignoring importlib-metadata: markers 'python_version >= "3.8" and python_version < "3.10"' don't match your environment
Ignoring zipp: markers 'python_version >= "3.8" and python_version < "3.10"' don't match your environment
Requirement already satisfied: absl-py==1.4.0 in /n/fs/similarity/.conda/envs/similar-behavior-dm/lib/python3.10/site-packages (from -r cleanrl/requirements/requirements.txt (line 1)) (1.4.0)
Requirement already satisfied: appdirs==1.4.4 in /n/fs/similarity/.conda/envs/similar-behavior-dm/lib/python3.10/site-packages (from -r cleanrl/requirements/requirements.txt (line 2)) (1.4.4)
Requirement already satisfied: cachetools==5.3.0 in /n/fs/similarity/.conda/envs/similar-behavior-dm/lib/python3.10/site-packages (from -r cleanrl/requirements/requirements.txt (line 3)) (5.3.0)
Requirement already satisfied: certifi==2023.5.7 in /n/fs/similarity/.conda/envs/similar-behavior-dm/lib/python3.10/site-packages (from -r cleanrl/requirements/requirements.txt (line 4)) (2023.5.7)
Requirement already satisfied: charset-normalizer==3.1.0 in /n/fs/similarity/.conda/envs/similar-behavior-dm/lib/python3.10/site-packages (from -r cleanrl/requirements/requirements.txt (line 5)) (3.1.0)
Requirement already satisfied: click==8.1.3 in /n/fs/similarity/.conda/envs/similar-behavior-dm/lib/python3.10/site-packages (from -r cleanrl/requirements/requirements.txt (line 6)) (8.1.3)
Requirement already satisfied: cloudpickle==2.2.1 in /n/fs/similarity/.conda/envs/similar-behavior-dm/lib/python3.10/site-packages (from -r cleanrl/requirements/requirements.txt (line 7)) (2.2.1)
Requirement already satisfied: colorama==0.4.4 in /n/fs/similarity/.conda/envs/similar-behavior-dm/lib/python3.10/site-packages (from -r cleanrl/requirements/requirements.txt (line 8)) (0.4.4)
Requirement already satisfied: commonmark==0.9.1 in /n/fs/similarity/.conda/envs/similar-behavior-dm/lib/python3.10/site-packages (from -r cleanrl/requirements/requirements.txt (line 9)) (0.9.1)
Requirement already satisfied: cycler==0.11.0 in /n/fs/similarity/.conda/envs/similar-behavior-dm/lib/python3.10/site-packages (from -r cleanrl/requirements/requirements.txt (line 10)) (0.11.0)
Requirement already satisfied: decorator==4.4.2 in /n/fs/similarity/.conda/envs/similar-behavior-dm/lib/python3.10/site-packages (from -r cleanrl/requirements/requirements.txt (line 11)) (4.4.2)
Requirement already satisfied: docker-pycreds==0.4.0 in /n/fs/similarity/.conda/envs/similar-behavior-dm/lib/python3.10/site-packages (from -r cleanrl/requirements/requirements.txt (line 12)) (0.4.0)
Requirement already satisfied: docstring-parser==0.15 in /n/fs/similarity/.conda/envs/similar-behavior-dm/lib/python3.10/site-packages (from -r cleanrl/requirements/requirements.txt (line 13)) (0.15)
Requirement already satisfied: farama-notifications==0.0.4 in /n/fs/similarity/.conda/envs/similar-behavior-dm/lib/python3.10/site-packages (from -r cleanrl/requirements/requirements.txt (line 14)) (0.0.4)
Requirement already satisfied: filelock==3.12.0 in /n/fs/similarity/.conda/envs/similar-behavior-dm/lib/python3.10/site-packages (from -r cleanrl/requirements/requirements.txt (line 15)) (3.12.0)
Requirement already satisfied: fonttools==4.38.0 in /n/fs/similarity/.conda/envs/similar-behavior-dm/lib/python3.10/site-packages (from -r cleanrl/requirements/requirements.txt (line 16)) (4.38.0)
Requirement already satisfied: gitdb==4.0.10 in /n/fs/similarity/.conda/envs/similar-behavior-dm/lib/python3.10/site-packages (from -r cleanrl/requirements/requirements.txt (line 17)) (4.0.10)
Requirement already satisfied: gitpython==3.1.31 in /n/fs/similarity/.conda/envs/similar-behavior-dm/lib/python3.10/site-packages (from -r cleanrl/requirements/requirements.txt (line 18)) (3.1.31)
Requirement already satisfied: google-auth-oauthlib==0.4.6 in /n/fs/similarity/.conda/envs/similar-behavior-dm/lib/python3.10/site-packages (from -r cleanrl/requirements/requirements.txt (line 19)) (0.4.6)
Requirement already satisfied: google-auth==2.18.0 in /n/fs/similarity/.conda/envs/similar-behavior-dm/lib/python3.10/site-packages (from -r cleanrl/requirements/requirements.txt (line 20)) (2.18.0)
Requirement already satisfied: grpcio==1.54.0 in /n/fs/similarity/.conda/envs/similar-behavior-dm/lib/python3.10/site-packages (from -r cleanrl/requirements/requirements.txt (line 21)) (1.54.0)
Requirement already satisfied: gym-notices==0.0.8 in /n/fs/similarity/.conda/envs/similar-behavior-dm/lib/python3.10/site-packages (from -r cleanrl/requirements/requirements.txt (line 22)) (0.0.8)
Requirement already satisfied: gym==0.23.1 in /n/fs/similarity/.conda/envs/similar-behavior-dm/lib/python3.10/site-packages (from -r cleanrl/requirements/requirements.txt (line 23)) (0.23.1)
Requirement already satisfied: gymnasium==0.28.1 in /n/fs/similarity/.conda/envs/similar-behavior-dm/lib/python3.10/site-packages (from -r cleanrl/requirements/requirements.txt (line 24)) (0.28.1)
Requirement already satisfied: huggingface-hub==0.11.1 in /n/fs/similarity/.conda/envs/similar-behavior-dm/lib/python3.10/site-packages (from -r cleanrl/requirements/requirements.txt (line 25)) (0.11.1)
Requirement already satisfied: idna==3.4 in /n/fs/similarity/.conda/envs/similar-behavior-dm/lib/python3.10/site-packages (from -r cleanrl/requirements/requirements.txt (line 26)) (3.4)
Requirement already satisfied: imageio-ffmpeg==0.3.0 in /n/fs/similarity/.conda/envs/similar-behavior-dm/lib/python3.10/site-packages (from -r cleanrl/requirements/requirements.txt (line 27)) (0.3.0)
Requirement already satisfied: imageio==2.28.1 in /n/fs/similarity/.conda/envs/similar-behavior-dm/lib/python3.10/site-packages (from -r cleanrl/requirements/requirements.txt (line 28)) (2.28.1)
Requirement already satisfied: jax-jumpy==1.0.0 in /n/fs/similarity/.conda/envs/similar-behavior-dm/lib/python3.10/site-packages (from -r cleanrl/requirements/requirements.txt (line 30)) (1.0.0)
Requirement already satisfied: kiwisolver==1.4.4 in /n/fs/similarity/.conda/envs/similar-behavior-dm/lib/python3.10/site-packages (from -r cleanrl/requirements/requirements.txt (line 31)) (1.4.4)
Requirement already satisfied: markdown==3.3.7 in /n/fs/similarity/.conda/envs/similar-behavior-dm/lib/python3.10/site-packages (from -r cleanrl/requirements/requirements.txt (line 32)) (3.3.7)
Requirement already satisfied: markupsafe==2.1.2 in /n/fs/similarity/.conda/envs/similar-behavior-dm/lib/python3.10/site-packages (from -r cleanrl/requirements/requirements.txt (line 33)) (2.1.2)
Requirement already satisfied: matplotlib==3.5.3 in /n/fs/similarity/.conda/envs/similar-behavior-dm/lib/python3.10/site-packages (from -r cleanrl/requirements/requirements.txt (line 34)) (3.5.3)
Requirement already satisfied: moviepy==1.0.3 in /n/fs/similarity/.conda/envs/similar-behavior-dm/lib/python3.10/site-packages (from -r cleanrl/requirements/requirements.txt (line 35)) (1.0.3)
Requirement already satisfied: numpy==1.24.4 in /n/fs/similarity/.conda/envs/similar-behavior-dm/lib/python3.10/site-packages (from -r cleanrl/requirements/requirements.txt (line 36)) (1.24.4)
Requirement already satisfied: oauthlib==3.2.2 in /n/fs/similarity/.conda/envs/similar-behavior-dm/lib/python3.10/site-packages (from -r cleanrl/requirements/requirements.txt (line 37)) (3.2.2)
Requirement already satisfied: packaging==23.1 in /n/fs/similarity/.conda/envs/similar-behavior-dm/lib/python3.10/site-packages (from -r cleanrl/requirements/requirements.txt (line 38)) (23.1)
Requirement already satisfied: pandas==1.3.5 in /n/fs/similarity/.conda/envs/similar-behavior-dm/lib/python3.10/site-packages (from -r cleanrl/requirements/requirements.txt (line 39)) (1.3.5)
Requirement already satisfied: pathtools==0.1.2 in /n/fs/similarity/.conda/envs/similar-behavior-dm/lib/python3.10/site-packages (from -r cleanrl/requirements/requirements.txt (line 40)) (0.1.2)
Requirement already satisfied: pillow==9.5.0 in /n/fs/similarity/.conda/envs/similar-behavior-dm/lib/python3.10/site-packages (from -r cleanrl/requirements/requirements.txt (line 41)) (9.5.0)
Requirement already satisfied: proglog==0.1.10 in /n/fs/similarity/.conda/envs/similar-behavior-dm/lib/python3.10/site-packages (from -r cleanrl/requirements/requirements.txt (line 42)) (0.1.10)
Requirement already satisfied: protobuf==3.20.3 in /n/fs/similarity/.conda/envs/similar-behavior-dm/lib/python3.10/site-packages (from -r cleanrl/requirements/requirements.txt (line 43)) (3.20.3)
Requirement already satisfied: psutil==5.9.5 in /n/fs/similarity/.conda/envs/similar-behavior-dm/lib/python3.10/site-packages (from -r cleanrl/requirements/requirements.txt (line 44)) (5.9.5)
Requirement already satisfied: pyasn1-modules==0.3.0 in /n/fs/similarity/.conda/envs/similar-behavior-dm/lib/python3.10/site-packages (from -r cleanrl/requirements/requirements.txt (line 45)) (0.3.0)
Requirement already satisfied: pyasn1==0.5.0 in /n/fs/similarity/.conda/envs/similar-behavior-dm/lib/python3.10/site-packages (from -r cleanrl/requirements/requirements.txt (line 46)) (0.5.0)
Requirement already satisfied: pygame==2.1.0 in /n/fs/similarity/.conda/envs/similar-behavior-dm/lib/python3.10/site-packages (from -r cleanrl/requirements/requirements.txt (line 47)) (2.1.0)
Requirement already satisfied: pygments==2.15.1 in /n/fs/similarity/.conda/envs/similar-behavior-dm/lib/python3.10/site-packages (from -r cleanrl/requirements/requirements.txt (line 48)) (2.15.1)
Requirement already satisfied: pyparsing==3.0.9 in /n/fs/similarity/.conda/envs/similar-behavior-dm/lib/python3.10/site-packages (from -r cleanrl/requirements/requirements.txt (line 49)) (3.0.9)
Requirement already satisfied: python-dateutil==2.8.2 in /n/fs/similarity/.conda/envs/similar-behavior-dm/lib/python3.10/site-packages (from -r cleanrl/requirements/requirements.txt (line 50)) (2.8.2)
Requirement already satisfied: pytz==2023.3 in /n/fs/similarity/.conda/envs/similar-behavior-dm/lib/python3.10/site-packages (from -r cleanrl/requirements/requirements.txt (line 51)) (2023.3)
Requirement already satisfied: pyyaml==6.0.1 in /n/fs/similarity/.conda/envs/similar-behavior-dm/lib/python3.10/site-packages (from -r cleanrl/requirements/requirements.txt (line 52)) (6.0.1)
Requirement already satisfied: requests-oauthlib==1.3.1 in /n/fs/similarity/.conda/envs/similar-behavior-dm/lib/python3.10/site-packages (from -r cleanrl/requirements/requirements.txt (line 53)) (1.3.1)
Requirement already satisfied: requests==2.30.0 in /n/fs/similarity/.conda/envs/similar-behavior-dm/lib/python3.10/site-packages (from -r cleanrl/requirements/requirements.txt (line 54)) (2.30.0)
Requirement already satisfied: rich==11.2.0 in /n/fs/similarity/.conda/envs/similar-behavior-dm/lib/python3.10/site-packages (from -r cleanrl/requirements/requirements.txt (line 55)) (11.2.0)
Requirement already satisfied: rsa==4.7.2 in /n/fs/similarity/.conda/envs/similar-behavior-dm/lib/python3.10/site-packages (from -r cleanrl/requirements/requirements.txt (line 56)) (4.7.2)
Requirement already satisfied: sentry-sdk==1.22.2 in /n/fs/similarity/.conda/envs/similar-behavior-dm/lib/python3.10/site-packages (from -r cleanrl/requirements/requirements.txt (line 57)) (1.22.2)
Requirement already satisfied: setproctitle==1.3.2 in /n/fs/similarity/.conda/envs/similar-behavior-dm/lib/python3.10/site-packages (from -r cleanrl/requirements/requirements.txt (line 58)) (1.3.2)
Requirement already satisfied: setuptools==67.7.2 in /n/fs/similarity/.conda/envs/similar-behavior-dm/lib/python3.10/site-packages (from -r cleanrl/requirements/requirements.txt (line 59)) (67.7.2)
Requirement already satisfied: shtab==1.6.4 in /n/fs/similarity/.conda/envs/similar-behavior-dm/lib/python3.10/site-packages (from -r cleanrl/requirements/requirements.txt (line 60)) (1.6.4)
Requirement already satisfied: six==1.16.0 in /n/fs/similarity/.conda/envs/similar-behavior-dm/lib/python3.10/site-packages (from -r cleanrl/requirements/requirements.txt (line 61)) (1.16.0)
Requirement already satisfied: smmap==5.0.0 in /n/fs/similarity/.conda/envs/similar-behavior-dm/lib/python3.10/site-packages (from -r cleanrl/requirements/requirements.txt (line 62)) (5.0.0)
Requirement already satisfied: stable-baselines3==2.0.0 in /n/fs/similarity/.conda/envs/similar-behavior-dm/lib/python3.10/site-packages (from -r cleanrl/requirements/requirements.txt (line 63)) (2.0.0)
Requirement already satisfied: tenacity==8.2.3 in /n/fs/similarity/.conda/envs/similar-behavior-dm/lib/python3.10/site-packages (from -r cleanrl/requirements/requirements.txt (line 64)) (8.2.3)
Requirement already satisfied: tensorboard-data-server==0.6.1 in /n/fs/similarity/.conda/envs/similar-behavior-dm/lib/python3.10/site-packages (from -r cleanrl/requirements/requirements.txt (line 65)) (0.6.1)
Requirement already satisfied: tensorboard-plugin-wit==1.8.1 in /n/fs/similarity/.conda/envs/similar-behavior-dm/lib/python3.10/site-packages (from -r cleanrl/requirements/requirements.txt (line 66)) (1.8.1)
Requirement already satisfied: tensorboard==2.11.2 in /n/fs/similarity/.conda/envs/similar-behavior-dm/lib/python3.10/site-packages (from -r cleanrl/requirements/requirements.txt (line 67)) (2.11.2)
Requirement already satisfied: torch==1.12.1 in /n/fs/similarity/.conda/envs/similar-behavior-dm/lib/python3.10/site-packages (from -r cleanrl/requirements/requirements.txt (line 68)) (1.12.1+cu116)
Requirement already satisfied: tqdm==4.65.0 in /n/fs/similarity/.conda/envs/similar-behavior-dm/lib/python3.10/site-packages (from -r cleanrl/requirements/requirements.txt (line 69)) (4.65.0)
Collecting typing-extensions==4.5.0 (from -r cleanrl/requirements/requirements.txt (line 70))
  Using cached typing_extensions-4.5.0-py3-none-any.whl.metadata (8.5 kB)
Requirement already satisfied: tyro==0.5.10 in /n/fs/similarity/.conda/envs/similar-behavior-dm/lib/python3.10/site-packages (from -r cleanrl/requirements/requirements.txt (line 71)) (0.5.10)
Requirement already satisfied: urllib3==1.26.15 in /n/fs/similarity/.conda/envs/similar-behavior-dm/lib/python3.10/site-packages (from -r cleanrl/requirements/requirements.txt (line 72)) (1.26.15)
Requirement already satisfied: wandb==0.13.11 in /n/fs/similarity/.conda/envs/similar-behavior-dm/lib/python3.10/site-packages (from -r cleanrl/requirements/requirements.txt (line 73)) (0.13.11)
Requirement already satisfied: werkzeug==2.2.3 in /n/fs/similarity/.conda/envs/similar-behavior-dm/lib/python3.10/site-packages (from -r cleanrl/requirements/requirements.txt (line 74)) (2.2.3)
Requirement already satisfied: wheel==0.40.0 in /n/fs/similarity/.conda/envs/similar-behavior-dm/lib/python3.10/site-packages (from -r cleanrl/requirements/requirements.txt (line 75)) (0.40.0)
Using cached typing_extensions-4.5.0-py3-none-any.whl (27 kB)
Installing collected packages: typing-extensions
  Attempting uninstall: typing-extensions
    Found existing installation: typing_extensions 4.13.0
    Uninstalling typing_extensions-4.13.0:
      Successfully uninstalled typing_extensions-4.13.0
ERROR: pip's dependency resolver does not currently take into account all the packages that are installed. This behaviour is the source of the following dependency conflicts.
pydantic 2.10.6 requires typing-extensions>=4.12.2, but you have typing-extensions 4.5.0 which is incompatible.
pydantic-core 2.27.2 requires typing-extensions!=4.7.0,>=4.6.0, but you have typing-extensions 4.5.0 which is incompatible.
Successfully installed typing-extensions-4.5.0
Ignoring importlib-metadata: markers 'python_version >= "3.8" and python_version < "3.10"' don't match your environment
Ignoring zipp: markers 'python_version >= "3.8" and python_version < "3.10"' don't match your environment
Requirement already satisfied: absl-py==1.4.0 in /n/fs/similarity/.conda/envs/similar-behavior-dm/lib/python3.10/site-packages (from -r cleanrl/requirements/requirements-dm_control.txt (line 1)) (1.4.0)
Requirement already satisfied: appdirs==1.4.4 in /n/fs/similarity/.conda/envs/similar-behavior-dm/lib/python3.10/site-packages (from -r cleanrl/requirements/requirements-dm_control.txt (line 2)) (1.4.4)
Requirement already satisfied: cachetools==5.3.0 in /n/fs/similarity/.conda/envs/similar-behavior-dm/lib/python3.10/site-packages (from -r cleanrl/requirements/requirements-dm_control.txt (line 3)) (5.3.0)
Requirement already satisfied: certifi==2023.5.7 in /n/fs/similarity/.conda/envs/similar-behavior-dm/lib/python3.10/site-packages (from -r cleanrl/requirements/requirements-dm_control.txt (line 4)) (2023.5.7)
Requirement already satisfied: charset-normalizer==3.1.0 in /n/fs/similarity/.conda/envs/similar-behavior-dm/lib/python3.10/site-packages (from -r cleanrl/requirements/requirements-dm_control.txt (line 5)) (3.1.0)
Requirement already satisfied: click==8.1.3 in /n/fs/similarity/.conda/envs/similar-behavior-dm/lib/python3.10/site-packages (from -r cleanrl/requirements/requirements-dm_control.txt (line 6)) (8.1.3)
Requirement already satisfied: cloudpickle==2.2.1 in /n/fs/similarity/.conda/envs/similar-behavior-dm/lib/python3.10/site-packages (from -r cleanrl/requirements/requirements-dm_control.txt (line 7)) (2.2.1)
Requirement already satisfied: colorama==0.4.4 in /n/fs/similarity/.conda/envs/similar-behavior-dm/lib/python3.10/site-packages (from -r cleanrl/requirements/requirements-dm_control.txt (line 8)) (0.4.4)
Requirement already satisfied: commonmark==0.9.1 in /n/fs/similarity/.conda/envs/similar-behavior-dm/lib/python3.10/site-packages (from -r cleanrl/requirements/requirements-dm_control.txt (line 9)) (0.9.1)
Requirement already satisfied: cycler==0.11.0 in /n/fs/similarity/.conda/envs/similar-behavior-dm/lib/python3.10/site-packages (from -r cleanrl/requirements/requirements-dm_control.txt (line 10)) (0.11.0)
Requirement already satisfied: decorator==4.4.2 in /n/fs/similarity/.conda/envs/similar-behavior-dm/lib/python3.10/site-packages (from -r cleanrl/requirements/requirements-dm_control.txt (line 11)) (4.4.2)
Requirement already satisfied: dm-control==1.0.11 in /n/fs/similarity/.conda/envs/similar-behavior-dm/lib/python3.10/site-packages (from -r cleanrl/requirements/requirements-dm_control.txt (line 12)) (1.0.11)
Requirement already satisfied: dm-env==1.6 in /n/fs/similarity/.conda/envs/similar-behavior-dm/lib/python3.10/site-packages (from -r cleanrl/requirements/requirements-dm_control.txt (line 13)) (1.6)
Requirement already satisfied: dm-tree==0.1.8 in /n/fs/similarity/.conda/envs/similar-behavior-dm/lib/python3.10/site-packages (from -r cleanrl/requirements/requirements-dm_control.txt (line 14)) (0.1.8)
Requirement already satisfied: docker-pycreds==0.4.0 in /n/fs/similarity/.conda/envs/similar-behavior-dm/lib/python3.10/site-packages (from -r cleanrl/requirements/requirements-dm_control.txt (line 15)) (0.4.0)
Requirement already satisfied: docstring-parser==0.15 in /n/fs/similarity/.conda/envs/similar-behavior-dm/lib/python3.10/site-packages (from -r cleanrl/requirements/requirements-dm_control.txt (line 16)) (0.15)
Requirement already satisfied: farama-notifications==0.0.4 in /n/fs/similarity/.conda/envs/similar-behavior-dm/lib/python3.10/site-packages (from -r cleanrl/requirements/requirements-dm_control.txt (line 17)) (0.0.4)
Requirement already satisfied: filelock==3.12.0 in /n/fs/similarity/.conda/envs/similar-behavior-dm/lib/python3.10/site-packages (from -r cleanrl/requirements/requirements-dm_control.txt (line 18)) (3.12.0)
Requirement already satisfied: fonttools==4.38.0 in /n/fs/similarity/.conda/envs/similar-behavior-dm/lib/python3.10/site-packages (from -r cleanrl/requirements/requirements-dm_control.txt (line 19)) (4.38.0)
Requirement already satisfied: gitdb==4.0.10 in /n/fs/similarity/.conda/envs/similar-behavior-dm/lib/python3.10/site-packages (from -r cleanrl/requirements/requirements-dm_control.txt (line 20)) (4.0.10)
Requirement already satisfied: gitpython==3.1.31 in /n/fs/similarity/.conda/envs/similar-behavior-dm/lib/python3.10/site-packages (from -r cleanrl/requirements/requirements-dm_control.txt (line 21)) (3.1.31)
Requirement already satisfied: glfw==1.12.0 in /n/fs/similarity/.conda/envs/similar-behavior-dm/lib/python3.10/site-packages (from -r cleanrl/requirements/requirements-dm_control.txt (line 22)) (1.12.0)
Requirement already satisfied: google-auth-oauthlib==0.4.6 in /n/fs/similarity/.conda/envs/similar-behavior-dm/lib/python3.10/site-packages (from -r cleanrl/requirements/requirements-dm_control.txt (line 23)) (0.4.6)
Requirement already satisfied: google-auth==2.18.0 in /n/fs/similarity/.conda/envs/similar-behavior-dm/lib/python3.10/site-packages (from -r cleanrl/requirements/requirements-dm_control.txt (line 24)) (2.18.0)
Requirement already satisfied: grpcio==1.54.0 in /n/fs/similarity/.conda/envs/similar-behavior-dm/lib/python3.10/site-packages (from -r cleanrl/requirements/requirements-dm_control.txt (line 25)) (1.54.0)
Requirement already satisfied: gym-notices==0.0.8 in /n/fs/similarity/.conda/envs/similar-behavior-dm/lib/python3.10/site-packages (from -r cleanrl/requirements/requirements-dm_control.txt (line 26)) (0.0.8)
Requirement already satisfied: gym==0.23.1 in /n/fs/similarity/.conda/envs/similar-behavior-dm/lib/python3.10/site-packages (from -r cleanrl/requirements/requirements-dm_control.txt (line 27)) (0.23.1)
Requirement already satisfied: gymnasium==0.28.1 in /n/fs/similarity/.conda/envs/similar-behavior-dm/lib/python3.10/site-packages (from -r cleanrl/requirements/requirements-dm_control.txt (line 28)) (0.28.1)
Requirement already satisfied: h5py==3.8.0 in /n/fs/similarity/.conda/envs/similar-behavior-dm/lib/python3.10/site-packages (from -r cleanrl/requirements/requirements-dm_control.txt (line 29)) (3.8.0)
Requirement already satisfied: huggingface-hub==0.11.1 in /n/fs/similarity/.conda/envs/similar-behavior-dm/lib/python3.10/site-packages (from -r cleanrl/requirements/requirements-dm_control.txt (line 30)) (0.11.1)
Requirement already satisfied: idna==3.4 in /n/fs/similarity/.conda/envs/similar-behavior-dm/lib/python3.10/site-packages (from -r cleanrl/requirements/requirements-dm_control.txt (line 31)) (3.4)
Requirement already satisfied: imageio-ffmpeg==0.3.0 in /n/fs/similarity/.conda/envs/similar-behavior-dm/lib/python3.10/site-packages (from -r cleanrl/requirements/requirements-dm_control.txt (line 32)) (0.3.0)
Requirement already satisfied: imageio==2.28.1 in /n/fs/similarity/.conda/envs/similar-behavior-dm/lib/python3.10/site-packages (from -r cleanrl/requirements/requirements-dm_control.txt (line 33)) (2.28.1)
Requirement already satisfied: jax-jumpy==1.0.0 in /n/fs/similarity/.conda/envs/similar-behavior-dm/lib/python3.10/site-packages (from -r cleanrl/requirements/requirements-dm_control.txt (line 35)) (1.0.0)
Requirement already satisfied: kiwisolver==1.4.4 in /n/fs/similarity/.conda/envs/similar-behavior-dm/lib/python3.10/site-packages (from -r cleanrl/requirements/requirements-dm_control.txt (line 36)) (1.4.4)
Requirement already satisfied: labmaze==1.0.6 in /n/fs/similarity/.conda/envs/similar-behavior-dm/lib/python3.10/site-packages (from -r cleanrl/requirements/requirements-dm_control.txt (line 37)) (1.0.6)
Requirement already satisfied: lxml==4.9.3 in /n/fs/similarity/.conda/envs/similar-behavior-dm/lib/python3.10/site-packages (from -r cleanrl/requirements/requirements-dm_control.txt (line 38)) (4.9.3)
Requirement already satisfied: markdown==3.3.7 in /n/fs/similarity/.conda/envs/similar-behavior-dm/lib/python3.10/site-packages (from -r cleanrl/requirements/requirements-dm_control.txt (line 39)) (3.3.7)
Requirement already satisfied: markupsafe==2.1.2 in /n/fs/similarity/.conda/envs/similar-behavior-dm/lib/python3.10/site-packages (from -r cleanrl/requirements/requirements-dm_control.txt (line 40)) (2.1.2)
Requirement already satisfied: matplotlib==3.5.3 in /n/fs/similarity/.conda/envs/similar-behavior-dm/lib/python3.10/site-packages (from -r cleanrl/requirements/requirements-dm_control.txt (line 41)) (3.5.3)
Requirement already satisfied: moviepy==1.0.3 in /n/fs/similarity/.conda/envs/similar-behavior-dm/lib/python3.10/site-packages (from -r cleanrl/requirements/requirements-dm_control.txt (line 42)) (1.0.3)
Requirement already satisfied: mujoco==2.3.3 in /n/fs/similarity/.conda/envs/similar-behavior-dm/lib/python3.10/site-packages (from -r cleanrl/requirements/requirements-dm_control.txt (line 43)) (2.3.3)
Requirement already satisfied: numpy==1.24.4 in /n/fs/similarity/.conda/envs/similar-behavior-dm/lib/python3.10/site-packages (from -r cleanrl/requirements/requirements-dm_control.txt (line 44)) (1.24.4)
Requirement already satisfied: oauthlib==3.2.2 in /n/fs/similarity/.conda/envs/similar-behavior-dm/lib/python3.10/site-packages (from -r cleanrl/requirements/requirements-dm_control.txt (line 45)) (3.2.2)
Requirement already satisfied: packaging==23.1 in /n/fs/similarity/.conda/envs/similar-behavior-dm/lib/python3.10/site-packages (from -r cleanrl/requirements/requirements-dm_control.txt (line 46)) (23.1)
Requirement already satisfied: pandas==1.3.5 in /n/fs/similarity/.conda/envs/similar-behavior-dm/lib/python3.10/site-packages (from -r cleanrl/requirements/requirements-dm_control.txt (line 47)) (1.3.5)
Requirement already satisfied: pathtools==0.1.2 in /n/fs/similarity/.conda/envs/similar-behavior-dm/lib/python3.10/site-packages (from -r cleanrl/requirements/requirements-dm_control.txt (line 48)) (0.1.2)
Requirement already satisfied: pillow==9.5.0 in /n/fs/similarity/.conda/envs/similar-behavior-dm/lib/python3.10/site-packages (from -r cleanrl/requirements/requirements-dm_control.txt (line 49)) (9.5.0)
Requirement already satisfied: proglog==0.1.10 in /n/fs/similarity/.conda/envs/similar-behavior-dm/lib/python3.10/site-packages (from -r cleanrl/requirements/requirements-dm_control.txt (line 50)) (0.1.10)
Requirement already satisfied: protobuf==3.20.3 in /n/fs/similarity/.conda/envs/similar-behavior-dm/lib/python3.10/site-packages (from -r cleanrl/requirements/requirements-dm_control.txt (line 51)) (3.20.3)
Requirement already satisfied: psutil==5.9.5 in /n/fs/similarity/.conda/envs/similar-behavior-dm/lib/python3.10/site-packages (from -r cleanrl/requirements/requirements-dm_control.txt (line 52)) (5.9.5)
Requirement already satisfied: pyasn1-modules==0.3.0 in /n/fs/similarity/.conda/envs/similar-behavior-dm/lib/python3.10/site-packages (from -r cleanrl/requirements/requirements-dm_control.txt (line 53)) (0.3.0)
Requirement already satisfied: pyasn1==0.5.0 in /n/fs/similarity/.conda/envs/similar-behavior-dm/lib/python3.10/site-packages (from -r cleanrl/requirements/requirements-dm_control.txt (line 54)) (0.5.0)
Requirement already satisfied: pygame==2.1.0 in /n/fs/similarity/.conda/envs/similar-behavior-dm/lib/python3.10/site-packages (from -r cleanrl/requirements/requirements-dm_control.txt (line 55)) (2.1.0)
Requirement already satisfied: pygments==2.15.1 in /n/fs/similarity/.conda/envs/similar-behavior-dm/lib/python3.10/site-packages (from -r cleanrl/requirements/requirements-dm_control.txt (line 56)) (2.15.1)
Requirement already satisfied: pyopengl==3.1.6 in /n/fs/similarity/.conda/envs/similar-behavior-dm/lib/python3.10/site-packages (from -r cleanrl/requirements/requirements-dm_control.txt (line 57)) (3.1.6)
Requirement already satisfied: pyparsing==3.0.9 in /n/fs/similarity/.conda/envs/similar-behavior-dm/lib/python3.10/site-packages (from -r cleanrl/requirements/requirements-dm_control.txt (line 58)) (3.0.9)
Requirement already satisfied: python-dateutil==2.8.2 in /n/fs/similarity/.conda/envs/similar-behavior-dm/lib/python3.10/site-packages (from -r cleanrl/requirements/requirements-dm_control.txt (line 59)) (2.8.2)
Requirement already satisfied: pytz==2023.3 in /n/fs/similarity/.conda/envs/similar-behavior-dm/lib/python3.10/site-packages (from -r cleanrl/requirements/requirements-dm_control.txt (line 60)) (2023.3)
Requirement already satisfied: pyyaml==6.0.1 in /n/fs/similarity/.conda/envs/similar-behavior-dm/lib/python3.10/site-packages (from -r cleanrl/requirements/requirements-dm_control.txt (line 61)) (6.0.1)
Requirement already satisfied: requests-oauthlib==1.3.1 in /n/fs/similarity/.conda/envs/similar-behavior-dm/lib/python3.10/site-packages (from -r cleanrl/requirements/requirements-dm_control.txt (line 62)) (1.3.1)
Requirement already satisfied: requests==2.30.0 in /n/fs/similarity/.conda/envs/similar-behavior-dm/lib/python3.10/site-packages (from -r cleanrl/requirements/requirements-dm_control.txt (line 63)) (2.30.0)
Requirement already satisfied: rich==11.2.0 in /n/fs/similarity/.conda/envs/similar-behavior-dm/lib/python3.10/site-packages (from -r cleanrl/requirements/requirements-dm_control.txt (line 64)) (11.2.0)
Requirement already satisfied: rsa==4.7.2 in /n/fs/similarity/.conda/envs/similar-behavior-dm/lib/python3.10/site-packages (from -r cleanrl/requirements/requirements-dm_control.txt (line 65)) (4.7.2)
Requirement already satisfied: scipy==1.10.1 in /n/fs/similarity/.conda/envs/similar-behavior-dm/lib/python3.10/site-packages (from -r cleanrl/requirements/requirements-dm_control.txt (line 66)) (1.10.1)
Requirement already satisfied: sentry-sdk==1.22.2 in /n/fs/similarity/.conda/envs/similar-behavior-dm/lib/python3.10/site-packages (from -r cleanrl/requirements/requirements-dm_control.txt (line 67)) (1.22.2)
Requirement already satisfied: setproctitle==1.3.2 in /n/fs/similarity/.conda/envs/similar-behavior-dm/lib/python3.10/site-packages (from -r cleanrl/requirements/requirements-dm_control.txt (line 68)) (1.3.2)
Requirement already satisfied: setuptools==67.7.2 in /n/fs/similarity/.conda/envs/similar-behavior-dm/lib/python3.10/site-packages (from -r cleanrl/requirements/requirements-dm_control.txt (line 69)) (67.7.2)
Requirement already satisfied: shimmy==1.1.0 in /n/fs/similarity/.conda/envs/similar-behavior-dm/lib/python3.10/site-packages (from -r cleanrl/requirements/requirements-dm_control.txt (line 70)) (1.1.0)
Requirement already satisfied: shtab==1.6.4 in /n/fs/similarity/.conda/envs/similar-behavior-dm/lib/python3.10/site-packages (from -r cleanrl/requirements/requirements-dm_control.txt (line 71)) (1.6.4)
Requirement already satisfied: six==1.16.0 in /n/fs/similarity/.conda/envs/similar-behavior-dm/lib/python3.10/site-packages (from -r cleanrl/requirements/requirements-dm_control.txt (line 72)) (1.16.0)
Requirement already satisfied: smmap==5.0.0 in /n/fs/similarity/.conda/envs/similar-behavior-dm/lib/python3.10/site-packages (from -r cleanrl/requirements/requirements-dm_control.txt (line 73)) (5.0.0)
Requirement already satisfied: stable-baselines3==2.0.0 in /n/fs/similarity/.conda/envs/similar-behavior-dm/lib/python3.10/site-packages (from -r cleanrl/requirements/requirements-dm_control.txt (line 74)) (2.0.0)
Requirement already satisfied: tenacity==8.2.3 in /n/fs/similarity/.conda/envs/similar-behavior-dm/lib/python3.10/site-packages (from -r cleanrl/requirements/requirements-dm_control.txt (line 75)) (8.2.3)
Requirement already satisfied: tensorboard-data-server==0.6.1 in /n/fs/similarity/.conda/envs/similar-behavior-dm/lib/python3.10/site-packages (from -r cleanrl/requirements/requirements-dm_control.txt (line 76)) (0.6.1)
Requirement already satisfied: tensorboard-plugin-wit==1.8.1 in /n/fs/similarity/.conda/envs/similar-behavior-dm/lib/python3.10/site-packages (from -r cleanrl/requirements/requirements-dm_control.txt (line 77)) (1.8.1)
Requirement already satisfied: tensorboard==2.11.2 in /n/fs/similarity/.conda/envs/similar-behavior-dm/lib/python3.10/site-packages (from -r cleanrl/requirements/requirements-dm_control.txt (line 78)) (2.11.2)
Requirement already satisfied: torch==1.12.1 in /n/fs/similarity/.conda/envs/similar-behavior-dm/lib/python3.10/site-packages (from -r cleanrl/requirements/requirements-dm_control.txt (line 79)) (1.12.1+cu116)
Requirement already satisfied: tqdm==4.65.0 in /n/fs/similarity/.conda/envs/similar-behavior-dm/lib/python3.10/site-packages (from -r cleanrl/requirements/requirements-dm_control.txt (line 80)) (4.65.0)
Requirement already satisfied: typing-extensions==4.5.0 in /n/fs/similarity/.conda/envs/similar-behavior-dm/lib/python3.10/site-packages (from -r cleanrl/requirements/requirements-dm_control.txt (line 81)) (4.5.0)
Requirement already satisfied: tyro==0.5.10 in /n/fs/similarity/.conda/envs/similar-behavior-dm/lib/python3.10/site-packages (from -r cleanrl/requirements/requirements-dm_control.txt (line 82)) (0.5.10)
Requirement already satisfied: urllib3==1.26.15 in /n/fs/similarity/.conda/envs/similar-behavior-dm/lib/python3.10/site-packages (from -r cleanrl/requirements/requirements-dm_control.txt (line 83)) (1.26.15)
Requirement already satisfied: wandb==0.13.11 in /n/fs/similarity/.conda/envs/similar-behavior-dm/lib/python3.10/site-packages (from -r cleanrl/requirements/requirements-dm_control.txt (line 84)) (0.13.11)
Requirement already satisfied: werkzeug==2.2.3 in /n/fs/similarity/.conda/envs/similar-behavior-dm/lib/python3.10/site-packages (from -r cleanrl/requirements/requirements-dm_control.txt (line 85)) (2.2.3)
Requirement already satisfied: wheel==0.40.0 in /n/fs/similarity/.conda/envs/similar-behavior-dm/lib/python3.10/site-packages (from -r cleanrl/requirements/requirements-dm_control.txt (line 86)) (0.40.0)
Requirement already satisfied: typing_extensions in /n/fs/similarity/.conda/envs/similar-behavior-dm/lib/python3.10/site-packages (4.5.0)
Collecting typing_extensions
  Using cached typing_extensions-4.13.0-py3-none-any.whl.metadata (3.0 kB)
Using cached typing_extensions-4.13.0-py3-none-any.whl (45 kB)
Installing collected packages: typing_extensions
  Attempting uninstall: typing_extensions
    Found existing installation: typing_extensions 4.5.0
    Uninstalling typing_extensions-4.5.0:
      Successfully uninstalled typing_extensions-4.5.0
Successfully installed typing_extensions-4.13.0
Looking in indexes: https://pypi.org/simple, https://download.pytorch.org/whl/cu116
Requirement already satisfied: torch==1.12.1+cu116 in /n/fs/similarity/.conda/envs/similar-behavior-dm/lib/python3.10/site-packages (1.12.1+cu116)
Requirement already satisfied: torchvision==0.13.1+cu116 in /n/fs/similarity/.conda/envs/similar-behavior-dm/lib/python3.10/site-packages (0.13.1+cu116)
Requirement already satisfied: torchaudio==0.12.1 in /n/fs/similarity/.conda/envs/similar-behavior-dm/lib/python3.10/site-packages (0.12.1+cu116)
Requirement already satisfied: typing-extensions in /n/fs/similarity/.conda/envs/similar-behavior-dm/lib/python3.10/site-packages (from torch==1.12.1+cu116) (4.13.0)
Requirement already satisfied: numpy in /n/fs/similarity/.conda/envs/similar-behavior-dm/lib/python3.10/site-packages (from torchvision==0.13.1+cu116) (1.24.4)
Requirement already satisfied: requests in /n/fs/similarity/.conda/envs/similar-behavior-dm/lib/python3.10/site-packages (from torchvision==0.13.1+cu116) (2.30.0)
Requirement already satisfied: pillow!=8.3.*,>=5.3.0 in /n/fs/similarity/.conda/envs/similar-behavior-dm/lib/python3.10/site-packages (from torchvision==0.13.1+cu116) (9.5.0)
Requirement already satisfied: charset-normalizer<4,>=2 in /n/fs/similarity/.conda/envs/similar-behavior-dm/lib/python3.10/site-packages (from requests->torchvision==0.13.1+cu116) (3.1.0)
Requirement already satisfied: idna<4,>=2.5 in /n/fs/similarity/.conda/envs/similar-behavior-dm/lib/python3.10/site-packages (from requests->torchvision==0.13.1+cu116) (3.4)
Requirement already satisfied: urllib3<3,>=1.21.1 in /n/fs/similarity/.conda/envs/similar-behavior-dm/lib/python3.10/site-packages (from requests->torchvision==0.13.1+cu116) (1.26.15)
Requirement already satisfied: certifi>=2017.4.17 in /n/fs/similarity/.conda/envs/similar-behavior-dm/lib/python3.10/site-packages (from requests->torchvision==0.13.1+cu116) (2023.5.7)
Launching experiment sac_finger-spin-alpha-0.1-seed-1 on GPU 0
Launching experiment sac_finger-spin-alpha-0.1-seed-2 on GPU 0
/n/fs/similarity/.conda/envs/similar-behavior-dm/lib/python3.10/site-packages/torch/utils/tensorboard/__init__.py:4: DeprecationWarning: distutils Version classes are deprecated. Use packaging.version instead.
  if not hasattr(tensorboard, "__version__") or LooseVersion(
/n/fs/similarity/.conda/envs/similar-behavior-dm/lib/python3.10/site-packages/torch/utils/tensorboard/__init__.py:6: DeprecationWarning: distutils Version classes are deprecated. Use packaging.version instead.
  ) < LooseVersion("1.15"):
/n/fs/similarity/.conda/envs/similar-behavior-dm/lib/python3.10/site-packages/torch/utils/tensorboard/__init__.py:4: DeprecationWarning: distutils Version classes are deprecated. Use packaging.version instead.
  if not hasattr(tensorboard, "__version__") or LooseVersion(
/n/fs/similarity/.conda/envs/similar-behavior-dm/lib/python3.10/site-packages/torch/utils/tensorboard/__init__.py:6: DeprecationWarning: distutils Version classes are deprecated. Use packaging.version instead.
  ) < LooseVersion("1.15"):
/n/fs/similarity/.conda/envs/similar-behavior-dm/lib/python3.10/site-packages/pkg_resources/__init__.py:121: DeprecationWarning: pkg_resources is deprecated as an API
  warnings.warn("pkg_resources is deprecated as an API", DeprecationWarning)
/n/fs/similarity/.conda/envs/similar-behavior-dm/lib/python3.10/site-packages/pkg_resources/__init__.py:121: DeprecationWarning: pkg_resources is deprecated as an API
  warnings.warn("pkg_resources is deprecated as an API", DeprecationWarning)
/n/fs/similarity/.conda/envs/similar-behavior-dm/lib/python3.10/site-packages/pkg_resources/__init__.py:2870: DeprecationWarning: Deprecated call to `pkg_resources.declare_namespace('google')`.
Implementing implicit namespace packages (as specified in PEP 420) is preferred to `pkg_resources.declare_namespace`. See https://setuptools.pypa.io/en/latest/references/keywords.html#keyword-namespace-packages
  declare_namespace(pkg)
/n/fs/similarity/.conda/envs/similar-behavior-dm/lib/python3.10/site-packages/pkg_resources/__init__.py:2870: DeprecationWarning: Deprecated call to `pkg_resources.declare_namespace('google')`.
Implementing implicit namespace packages (as specified in PEP 420) is preferred to `pkg_resources.declare_namespace`. See https://setuptools.pypa.io/en/latest/references/keywords.html#keyword-namespace-packages
  declare_namespace(pkg)
/n/fs/similarity/.conda/envs/similar-behavior-dm/lib/python3.10/site-packages/pkg_resources/__init__.py:2870: DeprecationWarning: Deprecated call to `pkg_resources.declare_namespace('mpl_toolkits')`.
Implementing implicit namespace packages (as specified in PEP 420) is preferred to `pkg_resources.declare_namespace`. See https://setuptools.pypa.io/en/latest/references/keywords.html#keyword-namespace-packages
  declare_namespace(pkg)
/n/fs/similarity/.conda/envs/similar-behavior-dm/lib/python3.10/site-packages/pkg_resources/__init__.py:2870: DeprecationWarning: Deprecated call to `pkg_resources.declare_namespace('mpl_toolkits')`.
Implementing implicit namespace packages (as specified in PEP 420) is preferred to `pkg_resources.declare_namespace`. See https://setuptools.pypa.io/en/latest/references/keywords.html#keyword-namespace-packages
  declare_namespace(pkg)
/n/fs/similarity/.conda/envs/similar-behavior-dm/lib/python3.10/site-packages/pkg_resources/__init__.py:2870: DeprecationWarning: Deprecated call to `pkg_resources.declare_namespace('google')`.
Implementing implicit namespace packages (as specified in PEP 420) is preferred to `pkg_resources.declare_namespace`. See https://setuptools.pypa.io/en/latest/references/keywords.html#keyword-namespace-packages
  declare_namespace(pkg)
/n/fs/similarity/.conda/envs/similar-behavior-dm/lib/python3.10/site-packages/pkg_resources/__init__.py:2870: DeprecationWarning: Deprecated call to `pkg_resources.declare_namespace('google')`.
Implementing implicit namespace packages (as specified in PEP 420) is preferred to `pkg_resources.declare_namespace`. See https://setuptools.pypa.io/en/latest/references/keywords.html#keyword-namespace-packages
  declare_namespace(pkg)
wandb: Tracking run with wandb version 0.13.11
wandb: Tracking run with wandb version 0.13.11
wandb: W&B syncing is set to `offline` in this directory.  
wandb: Run `wandb online` or set WANDB_MODE=online to enable cloud syncing.
wandb: W&B syncing is set to `offline` in this directory.  
wandb: Run `wandb online` or set WANDB_MODE=online to enable cloud syncing.
/n/fs/similarity/.conda/envs/similar-behavior-dm/lib/python3.10/site-packages/wandb/sdk/lib/import_hooks.py:243: DeprecationWarning: Deprecated since Python 3.4 and slated for removal in Python 3.12; use importlib.util.find_spec() instead
  loader = importlib.find_loader(fullname, path)
/n/fs/similarity/.conda/envs/similar-behavior-dm/lib/python3.10/site-packages/wandb/sdk/lib/import_hooks.py:243: DeprecationWarning: Deprecated since Python 3.4 and slated for removal in Python 3.12; use importlib.util.find_spec() instead
  loader = importlib.find_loader(fullname, path)
global_step=999, episodic_return=[0.]
global_step=1999, episodic_return=[0.]
global_step=2999, episodic_return=[0.]
global_step=3999, episodic_return=[0.]
global_step=4999, episodic_return=[0.]
SPS: 1332
SPS: 1034
SPS: 852
SPS: 728
SPS: 639
SPS: 572
SPS: 519
SPS: 476
SPS: 441
global_step=5999, episodic_return=[0.]
SPS: 412
SPS: 387
SPS: 365
SPS: 347
SPS: 330
SPS: 316
SPS: 303
SPS: 291
SPS: 281
SPS: 271
global_step=6999, episodic_return=[0.]
SPS: 262
SPS: 254
SPS: 247
SPS: 241
SPS: 235
SPS: 229
SPS: 224
SPS: 219
SPS: 214
SPS: 210
global_step=7999, episodic_return=[0.]
SPS: 206
SPS: 203
SPS: 199
SPS: 196
SPS: 193
SPS: 189
SPS: 187
SPS: 184
SPS: 182
SPS: 179
global_step=8999, episodic_return=[0.]
SPS: 177
SPS: 175
SPS: 173
SPS: 171
SPS: 168
SPS: 167
SPS: 165
SPS: 163
SPS: 162
SPS: 160
global_step=9999, episodic_return=[5.]
SPS: 159
SPS: 157
SPS: 156
SPS: 154
SPS: 153
SPS: 152
SPS: 151
SPS: 149
SPS: 148
SPS: 147
global_step=10999, episodic_return=[0.]
SPS: 146
SPS: 145
SPS: 144
SPS: 143
SPS: 142
SPS: 142
SPS: 141
SPS: 140
SPS: 139
SPS: 138
global_step=11999, episodic_return=[0.]
SPS: 137
SPS: 137
SPS: 136
SPS: 135
SPS: 134
SPS: 134
SPS: 133
SPS: 133
SPS: 132
SPS: 131
global_step=12999, episodic_return=[0.]
SPS: 131
SPS: 130
SPS: 130
SPS: 129
SPS: 128
SPS: 128
SPS: 127
SPS: 127
SPS: 126
SPS: 126
global_step=13999, episodic_return=[0.]
SPS: 125
SPS: 125
SPS: 125
SPS: 124
SPS: 124
SPS: 123
SPS: 123
SPS: 122
SPS: 122
SPS: 122
global_step=14999, episodic_return=[0.]
SPS: 121
SPS: 121
SPS: 120
SPS: 120
SPS: 120
SPS: 119
SPS: 119
SPS: 119
SPS: 118
SPS: 118
global_step=15999, episodic_return=[0.]
SPS: 118
SPS: 117
SPS: 117
SPS: 117
SPS: 117
SPS: 116
SPS: 116
SPS: 116
SPS: 115
SPS: 115
global_step=16999, episodic_return=[1.]
SPS: 115
SPS: 115
SPS: 114
SPS: 114
SPS: 114
SPS: 114
SPS: 113
SPS: 113
SPS: 113
SPS: 113
global_step=17999, episodic_return=[4.]
SPS: 112
SPS: 112
SPS: 112
SPS: 112
SPS: 111
SPS: 111
SPS: 111
SPS: 111
SPS: 111
SPS: 110
global_step=18999, episodic_return=[0.]
SPS: 110
SPS: 110
SPS: 110
SPS: 110
SPS: 109
SPS: 109
SPS: 109
SPS: 109
SPS: 109
SPS: 108
global_step=19999, episodic_return=[0.]
SPS: 108
SPS: 108
SPS: 108
SPS: 108
SPS: 108
SPS: 107
SPS: 107
SPS: 107
SPS: 107
SPS: 107
global_step=20999, episodic_return=[0.]
SPS: 107
SPS: 107
SPS: 106
SPS: 106
SPS: 106
SPS: 106
SPS: 106
SPS: 106
SPS: 106
SPS: 105
global_step=21999, episodic_return=[0.]
SPS: 105
SPS: 105
SPS: 105
SPS: 105
SPS: 105
SPS: 105
SPS: 104
SPS: 104
SPS: 104
SPS: 104
global_step=22999, episodic_return=[0.]
SPS: 104
SPS: 104
SPS: 104
SPS: 104
SPS: 103
SPS: 103
SPS: 103
SPS: 103
SPS: 103
SPS: 103
global_step=23999, episodic_return=[1.]
SPS: 103
SPS: 103
SPS: 103
SPS: 102
SPS: 102
SPS: 102
SPS: 102
SPS: 102
SPS: 102
SPS: 102
global_step=24999, episodic_return=[0.]
SPS: 102
SPS: 102
SPS: 102
SPS: 101
SPS: 101
SPS: 101
SPS: 101
SPS: 101
SPS: 101
SPS: 101
global_step=25999, episodic_return=[0.]
SPS: 101
SPS: 101
SPS: 101
SPS: 100
SPS: 100
SPS: 100
SPS: 100
SPS: 100
SPS: 100
SPS: 100
global_step=26999, episodic_return=[1.]
SPS: 100
SPS: 100
SPS: 100
SPS: 100
SPS: 100
SPS: 99
SPS: 99
SPS: 99
SPS: 99
SPS: 99
global_step=27999, episodic_return=[0.]
SPS: 99
SPS: 99
SPS: 99
SPS: 99
SPS: 99
SPS: 99
SPS: 99
SPS: 99
SPS: 99
SPS: 98
global_step=28999, episodic_return=[0.]
SPS: 98
SPS: 98
SPS: 98
SPS: 98
SPS: 98
SPS: 98
SPS: 98
SPS: 98
SPS: 98
SPS: 98
global_step=29999, episodic_return=[0.]
SPS: 98
SPS: 98
SPS: 98
SPS: 97
SPS: 97
SPS: 97
SPS: 97
SPS: 97
SPS: 97
SPS: 97
global_step=30999, episodic_return=[0.]
SPS: 97
SPS: 97
SPS: 97
SPS: 97
SPS: 97
SPS: 97
SPS: 97
SPS: 97
SPS: 97
SPS: 97
global_step=31999, episodic_return=[0.]
SPS: 96
SPS: 96
SPS: 96
SPS: 96
SPS: 96
SPS: 96
SPS: 96
SPS: 96
SPS: 96
SPS: 96
global_step=32999, episodic_return=[0.]
SPS: 96
SPS: 96
SPS: 96
SPS: 96
SPS: 96
SPS: 96
SPS: 96
SPS: 96
SPS: 96
SPS: 96
global_step=33999, episodic_return=[0.]
SPS: 95
SPS: 95
SPS: 95
SPS: 95
SPS: 95
SPS: 95
SPS: 95
SPS: 95
SPS: 95
SPS: 95
global_step=34999, episodic_return=[0.]
SPS: 95
SPS: 95
SPS: 95
SPS: 95
SPS: 95
SPS: 95
SPS: 95
SPS: 95
SPS: 95
SPS: 95
global_step=35999, episodic_return=[0.]
SPS: 95
SPS: 95
SPS: 95
SPS: 94
SPS: 94
SPS: 94
SPS: 94
SPS: 94
SPS: 94
SPS: 94
global_step=36999, episodic_return=[0.]
SPS: 94
SPS: 94
SPS: 94
SPS: 94
SPS: 94
SPS: 94
SPS: 94
SPS: 94
SPS: 94
SPS: 94
global_step=37999, episodic_return=[0.]
SPS: 94
SPS: 94
SPS: 94
SPS: 94
SPS: 94
SPS: 94
SPS: 94
SPS: 94
SPS: 94
SPS: 94
global_step=38999, episodic_return=[0.]
SPS: 94
SPS: 93
SPS: 93
SPS: 93
SPS: 93
SPS: 93
SPS: 93
SPS: 93
SPS: 93
SPS: 93
global_step=39999, episodic_return=[0.]
SPS: 93
SPS: 93
SPS: 93
SPS: 93
SPS: 93
SPS: 93
SPS: 93
SPS: 93
SPS: 93
SPS: 93
global_step=40999, episodic_return=[0.]
SPS: 93
SPS: 93
SPS: 93
SPS: 93
SPS: 93
SPS: 93
SPS: 93
SPS: 93
SPS: 93
SPS: 93
global_step=41999, episodic_return=[0.]
SPS: 93
SPS: 93
SPS: 92
SPS: 92
SPS: 92
SPS: 92
SPS: 92
SPS: 92
SPS: 92
SPS: 92
global_step=42999, episodic_return=[0.]
SPS: 92
SPS: 92
SPS: 92
SPS: 92
SPS: 92
SPS: 92
SPS: 92
SPS: 92
SPS: 92
SPS: 92
global_step=43999, episodic_return=[0.]
SPS: 92
SPS: 92
SPS: 92
SPS: 92
SPS: 92
SPS: 92
SPS: 92
SPS: 92
SPS: 92
SPS: 92
global_step=44999, episodic_return=[0.]
SPS: 92
SPS: 92
SPS: 92
SPS: 92
SPS: 92
SPS: 92
SPS: 92
SPS: 92
SPS: 92
SPS: 92
global_step=45999, episodic_return=[0.]
SPS: 92
SPS: 91
SPS: 91
SPS: 91
SPS: 91
SPS: 91
SPS: 91
SPS: 91
SPS: 91
SPS: 91
global_step=46999, episodic_return=[0.]
SPS: 91
SPS: 91
SPS: 91
SPS: 91
SPS: 91
SPS: 91
SPS: 91
SPS: 91
SPS: 91
SPS: 91
global_step=47999, episodic_return=[0.]
SPS: 91
SPS: 91
SPS: 91
SPS: 91
SPS: 91
SPS: 91
SPS: 91
SPS: 91
SPS: 91
SPS: 91
global_step=48999, episodic_return=[0.]
SPS: 91
SPS: 91
SPS: 91
SPS: 91
SPS: 91
SPS: 91
SPS: 91
SPS: 91
SPS: 91
SPS: 91
global_step=49999, episodic_return=[0.]
SPS: 91
Saved checkpoint at step 50000 to /n/fs/similarity/similar-behavior/wandb/offline-run-20250326_140237-3jwyk2bg/files/files/dm_control/finger-spin-v0__dmcontrol-finger-spin-v0__1__0.1__1743012155_step50000.pth
SPS: 91
SPS: 91
SPS: 91
SPS: 91
SPS: 91
SPS: 91
SPS: 91
SPS: 90
SPS: 90
global_step=50999, episodic_return=[0.]
SPS: 90
SPS: 90
SPS: 90
SPS: 90
SPS: 90
SPS: 90
SPS: 90
SPS: 90
SPS: 90
SPS: 90
global_step=51999, episodic_return=[0.]
SPS: 90
SPS: 90
SPS: 90
SPS: 90
SPS: 90
SPS: 90
SPS: 90
SPS: 90
SPS: 90
SPS: 90
global_step=52999, episodic_return=[0.]
SPS: 90
SPS: 90
SPS: 90
SPS: 90
SPS: 90
SPS: 90
SPS: 90
SPS: 90
SPS: 90
SPS: 90
global_step=53999, episodic_return=[0.]
SPS: 90
SPS: 90
SPS: 90
SPS: 90
SPS: 90
SPS: 90
SPS: 90
SPS: 90
SPS: 90
SPS: 90
global_step=54999, episodic_return=[0.]
SPS: 90
SPS: 90
SPS: 90
SPS: 90
SPS: 90
SPS: 90
SPS: 90
SPS: 90
SPS: 90
SPS: 90
global_step=55999, episodic_return=[0.]
SPS: 90
SPS: 90
SPS: 90
SPS: 90
SPS: 90
SPS: 90
SPS: 89
SPS: 89
SPS: 89
SPS: 89
global_step=56999, episodic_return=[0.]
SPS: 89
SPS: 89
SPS: 89
SPS: 89
SPS: 89
SPS: 89
SPS: 89
SPS: 89
SPS: 89
SPS: 89
global_step=57999, episodic_return=[0.]
SPS: 89
SPS: 89
SPS: 89
SPS: 89
SPS: 89
SPS: 89
SPS: 89
SPS: 89
SPS: 89
SPS: 89
global_step=58999, episodic_return=[0.]
SPS: 89
SPS: 89
SPS: 89
SPS: 89
SPS: 89
SPS: 89
SPS: 89
SPS: 89
SPS: 89
SPS: 89
global_step=59999, episodic_return=[0.]
SPS: 89
SPS: 89
SPS: 89
SPS: 89
SPS: 89
SPS: 89
SPS: 89
SPS: 89
SPS: 89
SPS: 89
global_step=60999, episodic_return=[0.]
SPS: 89
SPS: 89
SPS: 89
SPS: 89
SPS: 89
SPS: 89
SPS: 89
SPS: 89
SPS: 89
SPS: 89
global_step=61999, episodic_return=[0.]
SPS: 89
SPS: 89
SPS: 89
SPS: 89
SPS: 89
SPS: 89
SPS: 89
SPS: 89
SPS: 89
SPS: 89
global_step=62999, episodic_return=[0.]
SPS: 89
SPS: 89
SPS: 89
SPS: 89
SPS: 89
SPS: 89
SPS: 89
SPS: 89
SPS: 89
SPS: 89
global_step=63999, episodic_return=[0.]
SPS: 89
SPS: 88
SPS: 88
SPS: 88
SPS: 88
SPS: 88
SPS: 88
SPS: 88
SPS: 88
SPS: 88
global_step=64999, episodic_return=[0.]
SPS: 88
SPS: 88
SPS: 88
SPS: 88
SPS: 88
SPS: 88
SPS: 88
SPS: 88
SPS: 88
SPS: 88
global_step=65999, episodic_return=[0.]
SPS: 88
SPS: 88
SPS: 88
SPS: 88
SPS: 88
SPS: 88
SPS: 88
SPS: 88
SPS: 88
SPS: 88
global_step=66999, episodic_return=[0.]
SPS: 88
SPS: 88
SPS: 88
SPS: 88
SPS: 88
SPS: 88
SPS: 88
SPS: 88
SPS: 88
SPS: 88
global_step=67999, episodic_return=[0.]
SPS: 88
SPS: 88
global_step=999, episodic_return=[2.]
global_step=1999, episodic_return=[0.]
global_step=2999, episodic_return=[0.]
global_step=3999, episodic_return=[0.]
global_step=4999, episodic_return=[1.]
SPS: 1338
SPS: 1037
SPS: 854
SPS: 730
SPS: 640
SPS: 572
SPS: 518
SPS: 475
SPS: 440
global_step=5999, episodic_return=[0.]
SPS: 411
SPS: 386
SPS: 364
SPS: 346
SPS: 329
SPS: 315
SPS: 302
SPS: 290
SPS: 280
SPS: 269
global_step=6999, episodic_return=[0.]
SPS: 260
SPS: 253
SPS: 246
SPS: 239
SPS: 233
SPS: 228
SPS: 223
SPS: 218
SPS: 213
SPS: 209
global_step=7999, episodic_return=[0.]
SPS: 205
SPS: 201
SPS: 198
SPS: 195
SPS: 192
SPS: 189
SPS: 186
SPS: 183
SPS: 181
SPS: 178
global_step=8999, episodic_return=[0.]
SPS: 176
SPS: 174
SPS: 172
SPS: 170
SPS: 168
SPS: 166
SPS: 164
SPS: 162
SPS: 161
SPS: 159
global_step=9999, episodic_return=[0.]
SPS: 158
SPS: 156
SPS: 155
SPS: 154
SPS: 152
SPS: 151
SPS: 150
SPS: 149
SPS: 148
SPS: 147
global_step=10999, episodic_return=[0.]
SPS: 146
SPS: 145
SPS: 144
SPS: 143
SPS: 142
SPS: 141
SPS: 140
SPS: 139
SPS: 138
SPS: 138
global_step=11999, episodic_return=[0.]
SPS: 137
SPS: 136
SPS: 135
SPS: 135
SPS: 134
SPS: 133
SPS: 133
SPS: 132
SPS: 131
SPS: 131
global_step=12999, episodic_return=[0.]
SPS: 130
SPS: 130
SPS: 129
SPS: 129
SPS: 128
SPS: 127
SPS: 127
SPS: 126
SPS: 126
SPS: 125
global_step=13999, episodic_return=[6.]
SPS: 125
SPS: 125
SPS: 124
SPS: 124
SPS: 123
SPS: 123
SPS: 122
SPS: 122
SPS: 122
SPS: 121
global_step=14999, episodic_return=[0.]
SPS: 121
SPS: 120
SPS: 120
SPS: 120
SPS: 119
SPS: 119
SPS: 119
SPS: 118
SPS: 118
SPS: 118
global_step=15999, episodic_return=[0.]
SPS: 117
SPS: 117
SPS: 117
SPS: 117
SPS: 116
SPS: 116
SPS: 116
SPS: 115
SPS: 115
SPS: 115
global_step=16999, episodic_return=[0.]
SPS: 115
SPS: 114
SPS: 114
SPS: 114
SPS: 113
SPS: 113
SPS: 113
SPS: 113
SPS: 113
SPS: 112
global_step=17999, episodic_return=[1.]
SPS: 112
SPS: 112
SPS: 112
SPS: 111
SPS: 111
SPS: 111
SPS: 111
SPS: 111
SPS: 110
SPS: 110
global_step=18999, episodic_return=[0.]
SPS: 110
SPS: 110
SPS: 110
SPS: 109
SPS: 109
SPS: 109
SPS: 109
SPS: 109
SPS: 108
SPS: 108
global_step=19999, episodic_return=[0.]
SPS: 108
SPS: 108
SPS: 108
SPS: 108
SPS: 107
SPS: 107
SPS: 107
SPS: 107
SPS: 107
SPS: 107
global_step=20999, episodic_return=[8.]
SPS: 106
SPS: 106
SPS: 106
SPS: 106
SPS: 106
SPS: 106
SPS: 106
SPS: 105
SPS: 105
SPS: 105
global_step=21999, episodic_return=[0.]
SPS: 105
SPS: 105
SPS: 105
SPS: 105
SPS: 104
SPS: 104
SPS: 104
SPS: 104
SPS: 104
SPS: 104
global_step=22999, episodic_return=[0.]
SPS: 104
SPS: 104
SPS: 103
SPS: 103
SPS: 103
SPS: 103
SPS: 103
SPS: 103
SPS: 103
SPS: 103
global_step=23999, episodic_return=[0.]
SPS: 103
SPS: 102
SPS: 102
SPS: 102
SPS: 102
SPS: 102
SPS: 102
SPS: 102
SPS: 102
SPS: 102
global_step=24999, episodic_return=[0.]
SPS: 102
SPS: 101
SPS: 101
SPS: 101
SPS: 101
SPS: 101
SPS: 101
SPS: 101
SPS: 101
SPS: 101
global_step=25999, episodic_return=[0.]
SPS: 101
SPS: 101
SPS: 100
SPS: 100
SPS: 100
SPS: 100
SPS: 100
SPS: 100
SPS: 100
SPS: 100
global_step=26999, episodic_return=[0.]
SPS: 100
SPS: 100
SPS: 100
SPS: 99
SPS: 99
SPS: 99
SPS: 99
SPS: 99
SPS: 99
SPS: 99
global_step=27999, episodic_return=[3.]
SPS: 99
SPS: 99
SPS: 99
SPS: 99
SPS: 99
SPS: 99
SPS: 99
SPS: 98
SPS: 98
SPS: 98
global_step=28999, episodic_return=[0.]
SPS: 98
SPS: 98
SPS: 98
SPS: 98
SPS: 98
SPS: 98
SPS: 98
SPS: 98
SPS: 98
SPS: 98
global_step=29999, episodic_return=[0.]
SPS: 98
SPS: 98
SPS: 97
SPS: 97
SPS: 97
SPS: 97
SPS: 97
SPS: 97
SPS: 97
SPS: 97
global_step=30999, episodic_return=[0.]
SPS: 97
SPS: 97
SPS: 97
SPS: 97
SPS: 97
SPS: 97
SPS: 97
SPS: 97
SPS: 96
SPS: 96
global_step=31999, episodic_return=[0.]
SPS: 96
SPS: 96
SPS: 96
SPS: 96
SPS: 96
SPS: 96
SPS: 96
SPS: 96
SPS: 96
SPS: 96
global_step=32999, episodic_return=[0.]
SPS: 96
SPS: 96
SPS: 96
SPS: 96
SPS: 96
SPS: 96
SPS: 96
SPS: 96
SPS: 96
SPS: 95
global_step=33999, episodic_return=[0.]
SPS: 95
SPS: 95
SPS: 95
SPS: 95
SPS: 95
SPS: 95
SPS: 95
SPS: 95
SPS: 95
SPS: 95
global_step=34999, episodic_return=[0.]
SPS: 95
SPS: 95
SPS: 95
SPS: 95
SPS: 95
SPS: 95
SPS: 95
SPS: 95
SPS: 95
SPS: 95
global_step=35999, episodic_return=[0.]
SPS: 95
SPS: 94
SPS: 94
SPS: 94
SPS: 94
SPS: 94
SPS: 94
SPS: 94
SPS: 94
SPS: 94
global_step=36999, episodic_return=[0.]
SPS: 94
SPS: 94
SPS: 94
SPS: 94
SPS: 94
SPS: 94
SPS: 94
SPS: 94
SPS: 94
SPS: 94
global_step=37999, episodic_return=[0.]
SPS: 94
SPS: 94
SPS: 94
SPS: 94
SPS: 94
SPS: 94
SPS: 94
SPS: 94
SPS: 94
SPS: 93
global_step=38999, episodic_return=[0.]
SPS: 93
SPS: 93
SPS: 93
SPS: 93
SPS: 93
SPS: 93
SPS: 93
SPS: 93
SPS: 93
SPS: 93
global_step=39999, episodic_return=[0.]
SPS: 93
SPS: 93
SPS: 93
SPS: 93
SPS: 93
SPS: 93
SPS: 93
SPS: 93
SPS: 93
SPS: 93
global_step=40999, episodic_return=[0.]
SPS: 93
SPS: 93
SPS: 93
SPS: 93
SPS: 93
SPS: 93
SPS: 93
SPS: 93
SPS: 93
SPS: 93
global_step=41999, episodic_return=[0.]
SPS: 92
SPS: 92
SPS: 92
SPS: 92
SPS: 92
SPS: 92
SPS: 92
SPS: 92
SPS: 92
SPS: 92
global_step=42999, episodic_return=[0.]
SPS: 92
SPS: 92
SPS: 92
SPS: 92
SPS: 92
SPS: 92
SPS: 92
SPS: 92
SPS: 92
SPS: 92
global_step=43999, episodic_return=[0.]
SPS: 92
SPS: 92
SPS: 92
SPS: 92
SPS: 92
SPS: 92
SPS: 92
SPS: 92
SPS: 92
SPS: 92
global_step=44999, episodic_return=[0.]
SPS: 92
SPS: 92
SPS: 92
SPS: 92
SPS: 92
SPS: 92
SPS: 92
SPS: 92
SPS: 92
SPS: 91
global_step=45999, episodic_return=[0.]
SPS: 91
SPS: 91
SPS: 91
SPS: 91
SPS: 91
SPS: 91
SPS: 91
SPS: 91
SPS: 91
SPS: 91
global_step=46999, episodic_return=[0.]
SPS: 91
SPS: 91
SPS: 91
SPS: 91
SPS: 91
SPS: 91
SPS: 91
SPS: 91
SPS: 91
SPS: 91
global_step=47999, episodic_return=[0.]
SPS: 91
SPS: 91
SPS: 91
SPS: 91
SPS: 91
SPS: 91
SPS: 91
SPS: 91
SPS: 91
SPS: 91
global_step=48999, episodic_return=[0.]
SPS: 91
SPS: 91
SPS: 91
SPS: 91
SPS: 91
SPS: 91
SPS: 91
SPS: 91
SPS: 91
SPS: 91
global_step=49999, episodic_return=[0.]
SPS: 91
Saved checkpoint at step 50000 to /n/fs/similarity/similar-behavior/wandb/offline-run-20250326_140237-i71rvcwx/files/files/dm_control/finger-spin-v0__dmcontrol-finger-spin-v0__2__0.1__1743012155_step50000.pth
SPS: 91
SPS: 91
SPS: 91
SPS: 91
SPS: 91
SPS: 90
SPS: 90
SPS: 90
SPS: 90
global_step=50999, episodic_return=[3.]
SPS: 90
SPS: 90
SPS: 90
SPS: 90
SPS: 90
SPS: 90
SPS: 90
SPS: 90
SPS: 90
SPS: 90
global_step=51999, episodic_return=[0.]
SPS: 90
SPS: 90
SPS: 90
SPS: 90
SPS: 90
SPS: 90
SPS: 90
SPS: 90
SPS: 90
SPS: 90
global_step=52999, episodic_return=[0.]
SPS: 90
SPS: 90
SPS: 90
SPS: 90
SPS: 90
SPS: 90
SPS: 90
SPS: 90
SPS: 90
SPS: 90
global_step=53999, episodic_return=[0.]
SPS: 90
SPS: 90
SPS: 90
SPS: 90
SPS: 90
SPS: 90
SPS: 90
SPS: 90
SPS: 90
SPS: 90
global_step=54999, episodic_return=[0.]
SPS: 90
SPS: 90
SPS: 90
SPS: 90
SPS: 90
SPS: 90
SPS: 90
SPS: 90
SPS: 90
SPS: 90
global_step=55999, episodic_return=[0.]
SPS: 90
SPS: 90
SPS: 90
SPS: 90
SPS: 89
SPS: 89
SPS: 89
SPS: 89
SPS: 89
SPS: 89
global_step=56999, episodic_return=[0.]
SPS: 89
SPS: 89
SPS: 89
SPS: 89
SPS: 89
SPS: 89
SPS: 89
SPS: 89
SPS: 89
SPS: 89
global_step=57999, episodic_return=[0.]
SPS: 89
SPS: 89
SPS: 89
SPS: 89
SPS: 89
SPS: 89
SPS: 89
SPS: 89
SPS: 89
SPS: 89
global_step=58999, episodic_return=[0.]
SPS: 89
SPS: 89
SPS: 89
SPS: 89
SPS: 89
SPS: 89
SPS: 89
SPS: 89
SPS: 89
SPS: 89
global_step=59999, episodic_return=[0.]
SPS: 89
SPS: 89
SPS: 89
SPS: 89
SPS: 89
SPS: 89
SPS: 89
SPS: 89
SPS: 89
SPS: 89
global_step=60999, episodic_return=[0.]
SPS: 89
SPS: 89
SPS: 89
SPS: 89
SPS: 89
SPS: 89
SPS: 89
SPS: 89
SPS: 89
SPS: 89
global_step=61999, episodic_return=[0.]
SPS: 89
SPS: 89
SPS: 89
SPS: 89
SPS: 89
SPS: 89
SPS: 89
SPS: 89
SPS: 89
SPS: 89
global_step=62999, episodic_return=[0.]
SPS: 89
SPS: 89
SPS: 89
SPS: 89
SPS: 89
SPS: 89
SPS: 89
SPS: 89
SPS: 89
SPS: 89
global_step=63999, episodic_return=[0.]
SPS: 88
SPS: 88
SPS: 88
SPS: 88
SPS: 88
SPS: 88
SPS: 88
SPS: 88
SPS: 88
SPS: 88
global_step=64999, episodic_return=[0.]
SPS: 88
SPS: 88
SPS: 88
SPS: 88
SPS: 88
SPS: 88
SPS: 88
SPS: 88
SPS: 88
SPS: 88
global_step=65999, episodic_return=[0.]
SPS: 88
SPS: 88
SPS: 88
SPS: 88
SPS: 88
SPS: 88
SPS: 88
SPS: 88
SPS: 88
SPS: 88
global_step=66999, episodic_return=[0.]
SPS: 88
SPS: 88
SPS: 88
SPS: 88
SPS: 88
SPS: 88
SPS: 88
SPS: 88
SPS: 88
SPS: 88
global_step=67999, episodic_return=[0.]
SPS: 88
SPS: 88
